<?xml version="1.0" encoding="UTF-8"?>
<!-- Generated by org.testng.reporters.JUnitReportReporter -->
<testsuite hostname="WIN8PRO-64-72" name="testClasses.TataAIGNewPolicy" tests="1" failures="0" timestamp="9 Feb 2018 06:33:27 GMT" time="37.448" errors="0">
  <testcase name="tc_E2E_NewPolicyFunctionality" time="37.448" classname="testClasses.TataAIGNewPolicy"/>
</testsuite> <!-- testClasses.TataAIGNewPolicy -->
